running install
running bdist_egg
running egg_info
writing src/pymagsac.egg-info/PKG-INFO
writing dependency_links to src/pymagsac.egg-info/dependency_links.txt
writing top-level names to src/pymagsac.egg-info/top_level.txt
reading manifest file 'src/pymagsac.egg-info/SOURCES.txt'
adding license file 'LICENSE'
writing manifest file 'src/pymagsac.egg-info/SOURCES.txt'
installing library code to build/bdist.linux-x86_64/egg
running install_lib
running build_py
running build_ext
Found Gflags 2.2.2
-- > GFLAGS_INCLUDE_DIR:   /home/danini/anaconda3/include
-- > GFLAGS_LIBRARIES:   gflags_shared
-- pybind11 v2.1.1
-- Configuring done
-- Generating done
-- Build files have been written to: /home/danini/research/magsac-original/magsac/build/temp.linux-x86_64-3.8
Consolidate compiler generated dependencies of target GraphCutRANSAC
[ 47%] Built target GraphCutRANSAC
Consolidate compiler generated dependencies of target MAGSAC
Consolidate compiler generated dependencies of target pymagsac
[ 63%] Built target MAGSAC
[ 68%] Building CXX object CMakeFiles/pymagsac.dir/src/pymagsac/src/magsac_python.cpp.o
Consolidate compiler generated dependencies of target SampleProject
[ 78%] Built target SampleProject
In file included from /home/danini/research/magsac-original/magsac/graph-cut-ransac/src/pygcransac/include/types.h:60,
                 from /home/danini/research/magsac-original/magsac/src/pymagsac/src/magsac_python.cpp:7:
/home/danini/research/magsac-original/magsac/graph-cut-ransac/src/pygcransac/include/estimators/solver_essential_matrix_two_points_planar.h: In member function 'virtual bool gcransac::estimator::solver::EssentialMatrixTwoPointsPlanar::estimateModel(const cv::Mat&, const size_t*, size_t, std::vector<gcransac::Model>&, const double*) const':
/home/danini/research/magsac-original/magsac/graph-cut-ransac/src/pygcransac/include/estimators/solver_essential_matrix_two_points_planar.h:104:107: warning: format '%d' expects argument of type 'int', but argument 4 has type 'size_t' {aka 'long unsigned int'} [-Wformat=]
  104 |                                         fprintf(stderr, "Method '%s' is used with incorrect sample size (%d instead of %d).\n",
      |                                                                                                          ~^
      |                                                                                                           |
      |                                                                                                           int
      |                                                                                                          %ld
  105 |                                                 "EssentialMatrixTwoPointsPlanar", sample_number_, minimalSampleSize);
      |                                                                                   ~~~~~~~~~~~~~~           
      |                                                                                   |
      |                                                                                   size_t {aka long unsigned int}
/home/danini/research/magsac-original/magsac/graph-cut-ransac/src/pygcransac/include/estimators/solver_essential_matrix_two_points_planar.h:104:121: warning: format '%d' expects argument of type 'int', but argument 5 has type 'long unsigned int' [-Wformat=]
  104 |                                         fprintf(stderr, "Method '%s' is used with incorrect sample size (%d instead of %d).\n",
      |                                                                                                                        ~^
      |                                                                                                                         |
      |                                                                                                                         int
      |                                                                                                                        %ld
  105 |                                                 "EssentialMatrixTwoPointsPlanar", sample_number_, minimalSampleSize);
      |                                                                                                   ~~~~~~~~~~~~~~~~~      
      |                                                                                                   |
      |                                                                                                   long unsigned int
In file included from /home/danini/research/magsac-original/magsac/graph-cut-ransac/src/pygcransac/include/types.h:61,
                 from /home/danini/research/magsac-original/magsac/src/pymagsac/src/magsac_python.cpp:7:
/home/danini/research/magsac-original/magsac/graph-cut-ransac/src/pygcransac/include/estimators/solver_essential_matrix_two_affine.h: In member function 'virtual bool gcransac::estimator::solver::EssentialMatrixTwoAffineSolver::estimateModel(const cv::Mat&, const size_t*, size_t, std::vector<gcransac::Model>&, const double*) const':
/home/danini/research/magsac-original/magsac/graph-cut-ransac/src/pygcransac/include/estimators/solver_essential_matrix_two_affine.h:103:137: warning: format '%d' expects argument of type 'int', but argument 3 has type 'size_t' {aka 'long unsigned int'} [-Wformat=]
  103 |                                         fprintf(stderr, "There are not enough affine correspondences to estimate the essential matrix (%d < %d).\n",
      |                                                                                                                                        ~^
      |                                                                                                                                         |
      |                                                                                                                                         int
      |                                                                                                                                        %ld
  104 |                                                 sampleNumber_, sampleSize());
      |                                                 ~~~~~~~~~~~~~                                                                            
      |                                                 |
      |                                                 size_t {aka long unsigned int}
/home/danini/research/magsac-original/magsac/graph-cut-ransac/src/pygcransac/include/estimators/solver_essential_matrix_two_affine.h:103:142: warning: format '%d' expects argument of type 'int', but argument 4 has type 'size_t' {aka 'long unsigned int'} [-Wformat=]
  103 |                                         fprintf(stderr, "There are not enough affine correspondences to estimate the essential matrix (%d < %d).\n",
      |                                                                                                                                             ~^
      |                                                                                                                                              |
      |                                                                                                                                              int
      |                                                                                                                                             %ld
  104 |                                                 sampleNumber_, sampleSize());
      |                                                                ~~~~~~~~~~~~                                                                   
      |                                                                          |
      |                                                                          size_t {aka long unsigned int}
In file included from /home/danini/research/magsac-original/magsac/graph-cut-ransac/src/pygcransac/include/types.h:67,
                 from /home/danini/research/magsac-original/magsac/src/pymagsac/src/magsac_python.cpp:7:
/home/danini/research/magsac-original/magsac/graph-cut-ransac/src/pygcransac/include/estimators/solver_homography_two_affine.h: In member function 'virtual bool gcransac::estimator::solver::HomographyTwoAffineSolver::estimateModel(const cv::Mat&, const size_t*, size_t, std::vector<gcransac::Model>&, const double*) const':
/home/danini/research/magsac-original/magsac/graph-cut-ransac/src/pygcransac/include/estimators/solver_homography_two_affine.h:95:129: warning: format '%d' expects argument of type 'int', but argument 3 has type 'size_t' {aka 'long unsigned int'} [-Wformat=]
   95 |                                         fprintf(stderr, "There were not enough affine correspondences provided for the solver (%d < 2).\n", sampleNumber_);
      |                                                                                                                                ~^           ~~~~~~~~~~~~~
      |                                                                                                                                 |           |
      |                                                                                                                                 int         size_t {aka long unsigned int}
      |                                                                                                                                %ld
In file included from /home/danini/research/magsac-original/magsac/graph-cut-ransac/src/pygcransac/include/types.h:68,
                 from /home/danini/research/magsac-original/magsac/src/pymagsac/src/magsac_python.cpp:7:
/home/danini/research/magsac-original/magsac/graph-cut-ransac/src/pygcransac/include/estimators/solver_homography_two_sift.h: In member function 'virtual bool gcransac::estimator::solver::HomographyTwoSIFTSolver::estimateModel(const cv::Mat&, const size_t*, size_t, std::vector<gcransac::Model>&, const double*) const':
/home/danini/research/magsac-original/magsac/graph-cut-ransac/src/pygcransac/include/estimators/solver_homography_two_sift.h:122:129: warning: format '%d' expects argument of type 'int', but argument 3 has type 'size_t' {aka 'long unsigned int'} [-Wformat=]
  122 |                                         fprintf(stderr, "There were not enough affine correspondences provided for the solver (%d < 2).\n", sampleNumber_);
      |                                                                                                                                ~^           ~~~~~~~~~~~~~
      |                                                                                                                                 |           |
      |                                                                                                                                 int         size_t {aka long unsigned int}
      |                                                                                                                                %ld
In file included from /home/danini/research/magsac-original/magsac/graph-cut-ransac/src/pygcransac/include/types.h:70,
                 from /home/danini/research/magsac-original/magsac/src/pymagsac/src/magsac_python.cpp:7:
/home/danini/research/magsac-original/magsac/graph-cut-ransac/src/pygcransac/include/estimators/solver_radial_homography_5pc.h: In static member function 'static constexpr char* gcransac::estimator::solver::RadialHomography5PC::getName()':
/home/danini/research/magsac-original/magsac/graph-cut-ransac/src/pygcransac/include/estimators/solver_radial_homography_5pc.h:82:48: warning: ISO C++ forbids converting a string constant to 'char*' [-Wwrite-strings]
   82 |                                         return "H5l1l2";
      |                                                ^~~~~~~~
In file included from /home/danini/research/magsac-original/magsac/graph-cut-ransac/src/pygcransac/include/types.h:71,
                 from /home/danini/research/magsac-original/magsac/src/pymagsac/src/magsac_python.cpp:7:
/home/danini/research/magsac-original/magsac/graph-cut-ransac/src/pygcransac/include/estimators/solver_radial_homography_6pc.h: In static member function 'static constexpr char* gcransac::estimator::solver::RadialHomography6PC::getName()':
/home/danini/research/magsac-original/magsac/graph-cut-ransac/src/pygcransac/include/estimators/solver_radial_homography_6pc.h:74:48: warning: ISO C++ forbids converting a string constant to 'char*' [-Wwrite-strings]
   74 |                                         return "H6l1l2";
      |                                                ^~~~~~~~
In file included from /home/danini/research/magsac-original/magsac/src/pymagsac/src/magsac_python.cpp:17:
/home/danini/research/magsac-original/magsac/graph-cut-ransac/src/pygcransac/include/samplers/adaptive_reordering_sampler.h: In constructor 'gcransac::sampler::AdaptiveReorderingSampler::AdaptiveReorderingSampler(const cv::Mat*, const std::vector<double, std::allocator<double> >&, size_t, double, double, bool)':
/home/danini/research/magsac-original/magsac/graph-cut-ransac/src/pygcransac/include/samplers/adaptive_reordering_sampler.h:73:136: warning: format '%d' expects argument of type 'int', but argument 4 has type 'std::vector<double, std::allocator<double> >::size_type' {aka 'long unsigned int'} [-Wformat=]
   73 |                                         fprintf(stderr, "The number of correspondences (%d) and the number of provided probabilities (%d) do not match.",
      |                                                                                                                                       ~^
      |                                                                                                                                        |
      |                                                                                                                                        int
      |                                                                                                                                       %ld
   74 |                                                 container_->rows,
   75 |                                                 inlier_probabilities_.size());
      |                                                 ~~~~~~~~~~~~~~~~~~~~~~~~~~~~                                                            
      |                                                                           |
      |                                                                           std::vector<double, std::allocator<double> >::size_type {aka long unsigned int}
In file included from /home/danini/research/magsac-original/magsac/src/pymagsac/src/magsac_python.cpp:15:
/home/danini/research/magsac-original/magsac/graph-cut-ransac/src/pygcransac/include/samplers/progressive_napsac_sampler.h: In instantiation of 'bool gcransac::sampler::ProgressiveNapsacSampler<_DimensionNumber>::initialize(const cv::Mat*) [with long unsigned int _DimensionNumber = 4]':
/home/danini/research/magsac-original/magsac/graph-cut-ransac/src/pygcransac/include/samplers/progressive_napsac_sampler.h:95:19:   required from 'gcransac::sampler::ProgressiveNapsacSampler<_DimensionNumber>::ProgressiveNapsacSampler(const cv::Mat*, std::vector<long unsigned int>, size_t, const std::vector<double, std::allocator<double> >&, double) [with long unsigned int _DimensionNumber = 4; size_t = long unsigned int]'
/home/danini/research/magsac-original/magsac/src/pymagsac/src/magsac_python.cpp:208:7:   required from here
/home/danini/research/magsac-original/magsac/graph-cut-ransac/src/pygcransac/include/samplers/progressive_napsac_sampler.h:164:67: warning: format '%d' expects argument of type 'int', but argument 3 has type '__gnu_cxx::__alloc_traits<std::allocator<long unsigned int>, long unsigned int>::value_type' {aka 'long unsigned int'} [-Wformat=]
  164 |                                                 fprintf(stderr, "%d ", layer_data[layer_idx]);
      |                                                                  ~^
      |                                                                   |
      |                                                                   int
      |                                                                  %ld
/home/danini/research/magsac-original/magsac/graph-cut-ransac/src/pygcransac/include/samplers/progressive_napsac_sampler.h:165:59: warning: format '%d' expects argument of type 'int', but argument 3 has type '__gnu_cxx::__alloc_traits<std::allocator<long unsigned int>, long unsigned int>::value_type' {aka 'long unsigned int'} [-Wformat=]
  165 |                                         fprintf(stderr, "%d\"\n", layer_data.back());
      |                                                          ~^
      |                                                           |
      |                                                           int
      |                                                          %ld
In file included from /home/danini/research/magsac-original/magsac/graph-cut-ransac/src/pygcransac/include/estimators/fundamental_estimator.h:49,
                 from /home/danini/research/magsac-original/magsac/graph-cut-ransac/src/pygcransac/include/estimators/solver_essential_matrix_five_point_stewenius.h:37,
                 from /home/danini/research/magsac-original/magsac/src/pymagsac/src/magsac_python.cpp:3:
/home/danini/research/magsac-original/magsac/graph-cut-ransac/src/pygcransac/include/estimators/../neighborhood/grid_neighborhood_graph.h: In instantiation of 'gcransac::neighborhood::GridNeighborhoodGraph<_DimensionNumber>::GridNeighborhoodGraph(const cv::Mat*, const std::vector<double, std::allocator<double> >&, const size_t&) [with long unsigned int _DimensionNumber = 4; size_t = long unsigned int]':
/home/danini/research/magsac-original/magsac/graph-cut-ransac/src/pygcransac/include/samplers/progressive_napsac_sampler.h:175:44:   required from 'bool gcransac::sampler::ProgressiveNapsacSampler<_DimensionNumber>::initialize(const cv::Mat*) [with long unsigned int _DimensionNumber = 4]'
/home/danini/research/magsac-original/magsac/graph-cut-ransac/src/pygcransac/include/samplers/progressive_napsac_sampler.h:95:19:   required from 'gcransac::sampler::ProgressiveNapsacSampler<_DimensionNumber>::ProgressiveNapsacSampler(const cv::Mat*, std::vector<long unsigned int>, size_t, const std::vector<double, std::allocator<double> >&, double) [with long unsigned int _DimensionNumber = 4; size_t = long unsigned int]'
/home/danini/research/magsac-original/magsac/src/pymagsac/src/magsac_python.cpp:208:7:   required from here
/home/danini/research/magsac-original/magsac/graph-cut-ransac/src/pygcransac/include/estimators/../neighborhood/grid_neighborhood_graph.h:174:127: warning: format '%d' expects argument of type 'int', but argument 4 has type 'long unsigned int' [-Wformat=]
  174 |                                         fprintf(stderr, "The data dimension (%d) does not match with the expected dimension (%d).\n",
      |                                                                                                                              ~^
      |                                                                                                                               |
      |                                                                                                                               int
      |                                                                                                                              %ld
[ 84%] Linking CXX shared module /home/danini/research/magsac-original/magsac/build/lib.linux-x86_64-3.8/pymagsac/pymagsac.cpython-38-x86_64-linux-gnu.so
[100%] Built target pymagsac

creating build/bdist.linux-x86_64/egg
creating build/bdist.linux-x86_64/egg/pymagsac
copying build/lib.linux-x86_64-3.8/pymagsac/pymagsac.cpython-38-x86_64-linux-gnu.so -> build/bdist.linux-x86_64/egg/pymagsac
copying build/lib.linux-x86_64-3.8/pymagsac/__init__.py -> build/bdist.linux-x86_64/egg/pymagsac
byte-compiling build/bdist.linux-x86_64/egg/pymagsac/__init__.py to __init__.cpython-38.pyc
creating stub loader for pymagsac/pymagsac.cpython-38-x86_64-linux-gnu.so
byte-compiling build/bdist.linux-x86_64/egg/pymagsac/pymagsac.py to pymagsac.cpython-38.pyc
creating build/bdist.linux-x86_64/egg/EGG-INFO
copying src/pymagsac.egg-info/PKG-INFO -> build/bdist.linux-x86_64/egg/EGG-INFO
copying src/pymagsac.egg-info/SOURCES.txt -> build/bdist.linux-x86_64/egg/EGG-INFO
copying src/pymagsac.egg-info/dependency_links.txt -> build/bdist.linux-x86_64/egg/EGG-INFO
copying src/pymagsac.egg-info/not-zip-safe -> build/bdist.linux-x86_64/egg/EGG-INFO
copying src/pymagsac.egg-info/top_level.txt -> build/bdist.linux-x86_64/egg/EGG-INFO
writing build/bdist.linux-x86_64/egg/EGG-INFO/native_libs.txt
creating 'dist/pymagsac-0.3-py3.8-linux-x86_64.egg' and adding 'build/bdist.linux-x86_64/egg' to it
removing 'build/bdist.linux-x86_64/egg' (and everything under it)
Processing pymagsac-0.3-py3.8-linux-x86_64.egg
removing '/home/danini/anaconda3/lib/python3.8/site-packages/pymagsac-0.3-py3.8-linux-x86_64.egg' (and everything under it)
creating /home/danini/anaconda3/lib/python3.8/site-packages/pymagsac-0.3-py3.8-linux-x86_64.egg
Extracting pymagsac-0.3-py3.8-linux-x86_64.egg to /home/danini/anaconda3/lib/python3.8/site-packages
pymagsac 0.3 is already the active version in easy-install.pth

Installed /home/danini/anaconda3/lib/python3.8/site-packages/pymagsac-0.3-py3.8-linux-x86_64.egg
Processing dependencies for pymagsac==0.3
Finished processing dependencies for pymagsac==0.3
/home/danini/anaconda3/lib/python3.8/site-packages/setuptools/command/install.py:34: SetuptoolsDeprecationWarning: setup.py install is deprecated. Use build and pip and other standards-based tools.
  warnings.warn(
/home/danini/anaconda3/lib/python3.8/site-packages/setuptools/command/easy_install.py:144: EasyInstallDeprecationWarning: easy_install command is deprecated. Use build and pip and other standards-based tools.
  warnings.warn(
/home/danini/anaconda3/lib/python3.8/site-packages/pkg_resources/__init__.py:122: PkgResourcesDeprecationWarning: gcransac is an invalid version and will not be supported in a future release
  warnings.warn(
running install
running bdist_egg
running egg_info
writing src/pymagsac.egg-info/PKG-INFO
writing dependency_links to src/pymagsac.egg-info/dependency_links.txt
writing top-level names to src/pymagsac.egg-info/top_level.txt
reading manifest file 'src/pymagsac.egg-info/SOURCES.txt'
adding license file 'LICENSE'
writing manifest file 'src/pymagsac.egg-info/SOURCES.txt'
installing library code to build/bdist.linux-x86_64/egg
running install_lib
running build_py
running build_ext
Found Gflags 2.2.2
-- > GFLAGS_INCLUDE_DIR:   /home/danini/anaconda3/include
-- > GFLAGS_LIBRARIES:   gflags_shared
-- pybind11 v2.1.1
-- Configuring done
-- Generating done
-- Build files have been written to: /home/danini/research/magsac-original/magsac/build/temp.linux-x86_64-3.8
Consolidate compiler generated dependencies of target GraphCutRANSAC
[ 47%] Built target GraphCutRANSAC
Consolidate compiler generated dependencies of target MAGSAC
Consolidate compiler generated dependencies of target pymagsac
[ 63%] Built target MAGSAC
[ 68%] Building CXX object CMakeFiles/pymagsac.dir/src/pymagsac/src/magsac_python.cpp.o
Consolidate compiler generated dependencies of target SampleProject
[ 78%] Built target SampleProject
In file included from /home/danini/research/magsac-original/magsac/graph-cut-ransac/src/pygcransac/include/types.h:60,
                 from /home/danini/research/magsac-original/magsac/src/pymagsac/src/magsac_python.cpp:7:
/home/danini/research/magsac-original/magsac/graph-cut-ransac/src/pygcransac/include/estimators/solver_essential_matrix_two_points_planar.h: In member function 'virtual bool gcransac::estimator::solver::EssentialMatrixTwoPointsPlanar::estimateModel(const cv::Mat&, const size_t*, size_t, std::vector<gcransac::Model>&, const double*) const':
/home/danini/research/magsac-original/magsac/graph-cut-ransac/src/pygcransac/include/estimators/solver_essential_matrix_two_points_planar.h:104:107: warning: format '%d' expects argument of type 'int', but argument 4 has type 'size_t' {aka 'long unsigned int'} [-Wformat=]
  104 |                                         fprintf(stderr, "Method '%s' is used with incorrect sample size (%d instead of %d).\n",
      |                                                                                                          ~^
      |                                                                                                           |
      |                                                                                                           int
      |                                                                                                          %ld
  105 |                                                 "EssentialMatrixTwoPointsPlanar", sample_number_, minimalSampleSize);
      |                                                                                   ~~~~~~~~~~~~~~           
      |                                                                                   |
      |                                                                                   size_t {aka long unsigned int}
/home/danini/research/magsac-original/magsac/graph-cut-ransac/src/pygcransac/include/estimators/solver_essential_matrix_two_points_planar.h:104:121: warning: format '%d' expects argument of type 'int', but argument 5 has type 'long unsigned int' [-Wformat=]
  104 |                                         fprintf(stderr, "Method '%s' is used with incorrect sample size (%d instead of %d).\n",
      |                                                                                                                        ~^
      |                                                                                                                         |
      |                                                                                                                         int
      |                                                                                                                        %ld
  105 |                                                 "EssentialMatrixTwoPointsPlanar", sample_number_, minimalSampleSize);
      |                                                                                                   ~~~~~~~~~~~~~~~~~      
      |                                                                                                   |
      |                                                                                                   long unsigned int
In file included from /home/danini/research/magsac-original/magsac/graph-cut-ransac/src/pygcransac/include/types.h:61,
                 from /home/danini/research/magsac-original/magsac/src/pymagsac/src/magsac_python.cpp:7:
/home/danini/research/magsac-original/magsac/graph-cut-ransac/src/pygcransac/include/estimators/solver_essential_matrix_two_affine.h: In member function 'virtual bool gcransac::estimator::solver::EssentialMatrixTwoAffineSolver::estimateModel(const cv::Mat&, const size_t*, size_t, std::vector<gcransac::Model>&, const double*) const':
/home/danini/research/magsac-original/magsac/graph-cut-ransac/src/pygcransac/include/estimators/solver_essential_matrix_two_affine.h:103:137: warning: format '%d' expects argument of type 'int', but argument 3 has type 'size_t' {aka 'long unsigned int'} [-Wformat=]
  103 |                                         fprintf(stderr, "There are not enough affine correspondences to estimate the essential matrix (%d < %d).\n",
      |                                                                                                                                        ~^
      |                                                                                                                                         |
      |                                                                                                                                         int
      |                                                                                                                                        %ld
  104 |                                                 sampleNumber_, sampleSize());
      |                                                 ~~~~~~~~~~~~~                                                                            
      |                                                 |
      |                                                 size_t {aka long unsigned int}
/home/danini/research/magsac-original/magsac/graph-cut-ransac/src/pygcransac/include/estimators/solver_essential_matrix_two_affine.h:103:142: warning: format '%d' expects argument of type 'int', but argument 4 has type 'size_t' {aka 'long unsigned int'} [-Wformat=]
  103 |                                         fprintf(stderr, "There are not enough affine correspondences to estimate the essential matrix (%d < %d).\n",
      |                                                                                                                                             ~^
      |                                                                                                                                              |
      |                                                                                                                                              int
      |                                                                                                                                             %ld
  104 |                                                 sampleNumber_, sampleSize());
      |                                                                ~~~~~~~~~~~~                                                                   
      |                                                                          |
      |                                                                          size_t {aka long unsigned int}
In file included from /home/danini/research/magsac-original/magsac/graph-cut-ransac/src/pygcransac/include/types.h:67,
                 from /home/danini/research/magsac-original/magsac/src/pymagsac/src/magsac_python.cpp:7:
/home/danini/research/magsac-original/magsac/graph-cut-ransac/src/pygcransac/include/estimators/solver_homography_two_affine.h: In member function 'virtual bool gcransac::estimator::solver::HomographyTwoAffineSolver::estimateModel(const cv::Mat&, const size_t*, size_t, std::vector<gcransac::Model>&, const double*) const':
/home/danini/research/magsac-original/magsac/graph-cut-ransac/src/pygcransac/include/estimators/solver_homography_two_affine.h:95:129: warning: format '%d' expects argument of type 'int', but argument 3 has type 'size_t' {aka 'long unsigned int'} [-Wformat=]
   95 |                                         fprintf(stderr, "There were not enough affine correspondences provided for the solver (%d < 2).\n", sampleNumber_);
      |                                                                                                                                ~^           ~~~~~~~~~~~~~
      |                                                                                                                                 |           |
      |                                                                                                                                 int         size_t {aka long unsigned int}
      |                                                                                                                                %ld
In file included from /home/danini/research/magsac-original/magsac/graph-cut-ransac/src/pygcransac/include/types.h:68,
                 from /home/danini/research/magsac-original/magsac/src/pymagsac/src/magsac_python.cpp:7:
/home/danini/research/magsac-original/magsac/graph-cut-ransac/src/pygcransac/include/estimators/solver_homography_two_sift.h: In member function 'virtual bool gcransac::estimator::solver::HomographyTwoSIFTSolver::estimateModel(const cv::Mat&, const size_t*, size_t, std::vector<gcransac::Model>&, const double*) const':
/home/danini/research/magsac-original/magsac/graph-cut-ransac/src/pygcransac/include/estimators/solver_homography_two_sift.h:122:129: warning: format '%d' expects argument of type 'int', but argument 3 has type 'size_t' {aka 'long unsigned int'} [-Wformat=]
  122 |                                         fprintf(stderr, "There were not enough affine correspondences provided for the solver (%d < 2).\n", sampleNumber_);
      |                                                                                                                                ~^           ~~~~~~~~~~~~~
      |                                                                                                                                 |           |
      |                                                                                                                                 int         size_t {aka long unsigned int}
      |                                                                                                                                %ld
In file included from /home/danini/research/magsac-original/magsac/graph-cut-ransac/src/pygcransac/include/types.h:70,
                 from /home/danini/research/magsac-original/magsac/src/pymagsac/src/magsac_python.cpp:7:
/home/danini/research/magsac-original/magsac/graph-cut-ransac/src/pygcransac/include/estimators/solver_radial_homography_5pc.h: In static member function 'static constexpr char* gcransac::estimator::solver::RadialHomography5PC::getName()':
/home/danini/research/magsac-original/magsac/graph-cut-ransac/src/pygcransac/include/estimators/solver_radial_homography_5pc.h:82:48: warning: ISO C++ forbids converting a string constant to 'char*' [-Wwrite-strings]
   82 |                                         return "H5l1l2";
      |                                                ^~~~~~~~
In file included from /home/danini/research/magsac-original/magsac/graph-cut-ransac/src/pygcransac/include/types.h:71,
                 from /home/danini/research/magsac-original/magsac/src/pymagsac/src/magsac_python.cpp:7:
/home/danini/research/magsac-original/magsac/graph-cut-ransac/src/pygcransac/include/estimators/solver_radial_homography_6pc.h: In static member function 'static constexpr char* gcransac::estimator::solver::RadialHomography6PC::getName()':
/home/danini/research/magsac-original/magsac/graph-cut-ransac/src/pygcransac/include/estimators/solver_radial_homography_6pc.h:74:48: warning: ISO C++ forbids converting a string constant to 'char*' [-Wwrite-strings]
   74 |                                         return "H6l1l2";
      |                                                ^~~~~~~~
In file included from /home/danini/research/magsac-original/magsac/src/pymagsac/src/magsac_python.cpp:17:
/home/danini/research/magsac-original/magsac/graph-cut-ransac/src/pygcransac/include/samplers/adaptive_reordering_sampler.h: In constructor 'gcransac::sampler::AdaptiveReorderingSampler::AdaptiveReorderingSampler(const cv::Mat*, const std::vector<double, std::allocator<double> >&, size_t, double, double, bool)':
/home/danini/research/magsac-original/magsac/graph-cut-ransac/src/pygcransac/include/samplers/adaptive_reordering_sampler.h:73:136: warning: format '%d' expects argument of type 'int', but argument 4 has type 'std::vector<double, std::allocator<double> >::size_type' {aka 'long unsigned int'} [-Wformat=]
   73 |                                         fprintf(stderr, "The number of correspondences (%d) and the number of provided probabilities (%d) do not match.",
      |                                                                                                                                       ~^
      |                                                                                                                                        |
      |                                                                                                                                        int
      |                                                                                                                                       %ld
   74 |                                                 container_->rows,
   75 |                                                 inlier_probabilities_.size());
      |                                                 ~~~~~~~~~~~~~~~~~~~~~~~~~~~~                                                            
      |                                                                           |
      |                                                                           std::vector<double, std::allocator<double> >::size_type {aka long unsigned int}
In file included from /home/danini/research/magsac-original/magsac/src/pymagsac/src/magsac_python.cpp:15:
/home/danini/research/magsac-original/magsac/graph-cut-ransac/src/pygcransac/include/samplers/progressive_napsac_sampler.h: In instantiation of 'bool gcransac::sampler::ProgressiveNapsacSampler<_DimensionNumber>::initialize(const cv::Mat*) [with long unsigned int _DimensionNumber = 4]':
/home/danini/research/magsac-original/magsac/graph-cut-ransac/src/pygcransac/include/samplers/progressive_napsac_sampler.h:95:19:   required from 'gcransac::sampler::ProgressiveNapsacSampler<_DimensionNumber>::ProgressiveNapsacSampler(const cv::Mat*, std::vector<long unsigned int>, size_t, const std::vector<double, std::allocator<double> >&, double) [with long unsigned int _DimensionNumber = 4; size_t = long unsigned int]'
/home/danini/research/magsac-original/magsac/src/pymagsac/src/magsac_python.cpp:208:7:   required from here
/home/danini/research/magsac-original/magsac/graph-cut-ransac/src/pygcransac/include/samplers/progressive_napsac_sampler.h:164:67: warning: format '%d' expects argument of type 'int', but argument 3 has type '__gnu_cxx::__alloc_traits<std::allocator<long unsigned int>, long unsigned int>::value_type' {aka 'long unsigned int'} [-Wformat=]
  164 |                                                 fprintf(stderr, "%d ", layer_data[layer_idx]);
      |                                                                  ~^
      |                                                                   |
      |                                                                   int
      |                                                                  %ld
/home/danini/research/magsac-original/magsac/graph-cut-ransac/src/pygcransac/include/samplers/progressive_napsac_sampler.h:165:59: warning: format '%d' expects argument of type 'int', but argument 3 has type '__gnu_cxx::__alloc_traits<std::allocator<long unsigned int>, long unsigned int>::value_type' {aka 'long unsigned int'} [-Wformat=]
  165 |                                         fprintf(stderr, "%d\"\n", layer_data.back());
      |                                                          ~^
      |                                                           |
      |                                                           int
      |                                                          %ld
In file included from /home/danini/research/magsac-original/magsac/graph-cut-ransac/src/pygcransac/include/estimators/fundamental_estimator.h:49,
                 from /home/danini/research/magsac-original/magsac/graph-cut-ransac/src/pygcransac/include/estimators/solver_essential_matrix_five_point_stewenius.h:37,
                 from /home/danini/research/magsac-original/magsac/src/pymagsac/src/magsac_python.cpp:3:
/home/danini/research/magsac-original/magsac/graph-cut-ransac/src/pygcransac/include/estimators/../neighborhood/grid_neighborhood_graph.h: In instantiation of 'gcransac::neighborhood::GridNeighborhoodGraph<_DimensionNumber>::GridNeighborhoodGraph(const cv::Mat*, const std::vector<double, std::allocator<double> >&, const size_t&) [with long unsigned int _DimensionNumber = 4; size_t = long unsigned int]':
/home/danini/research/magsac-original/magsac/graph-cut-ransac/src/pygcransac/include/samplers/progressive_napsac_sampler.h:175:44:   required from 'bool gcransac::sampler::ProgressiveNapsacSampler<_DimensionNumber>::initialize(const cv::Mat*) [with long unsigned int _DimensionNumber = 4]'
/home/danini/research/magsac-original/magsac/graph-cut-ransac/src/pygcransac/include/samplers/progressive_napsac_sampler.h:95:19:   required from 'gcransac::sampler::ProgressiveNapsacSampler<_DimensionNumber>::ProgressiveNapsacSampler(const cv::Mat*, std::vector<long unsigned int>, size_t, const std::vector<double, std::allocator<double> >&, double) [with long unsigned int _DimensionNumber = 4; size_t = long unsigned int]'
/home/danini/research/magsac-original/magsac/src/pymagsac/src/magsac_python.cpp:208:7:   required from here
/home/danini/research/magsac-original/magsac/graph-cut-ransac/src/pygcransac/include/estimators/../neighborhood/grid_neighborhood_graph.h:174:127: warning: format '%d' expects argument of type 'int', but argument 4 has type 'long unsigned int' [-Wformat=]
  174 |                                         fprintf(stderr, "The data dimension (%d) does not match with the expected dimension (%d).\n",
      |                                                                                                                              ~^
      |                                                                                                                               |
      |                                                                                                                               int
      |                                                                                                                              %ld
[ 84%] Linking CXX shared module /home/danini/research/magsac-original/magsac/build/lib.linux-x86_64-3.8/pymagsac/pymagsac.cpython-38-x86_64-linux-gnu.so
[100%] Built target pymagsac

creating build/bdist.linux-x86_64/egg
creating build/bdist.linux-x86_64/egg/pymagsac
copying build/lib.linux-x86_64-3.8/pymagsac/pymagsac.cpython-38-x86_64-linux-gnu.so -> build/bdist.linux-x86_64/egg/pymagsac
copying build/lib.linux-x86_64-3.8/pymagsac/__init__.py -> build/bdist.linux-x86_64/egg/pymagsac
byte-compiling build/bdist.linux-x86_64/egg/pymagsac/__init__.py to __init__.cpython-38.pyc
creating stub loader for pymagsac/pymagsac.cpython-38-x86_64-linux-gnu.so
byte-compiling build/bdist.linux-x86_64/egg/pymagsac/pymagsac.py to pymagsac.cpython-38.pyc
creating build/bdist.linux-x86_64/egg/EGG-INFO
copying src/pymagsac.egg-info/PKG-INFO -> build/bdist.linux-x86_64/egg/EGG-INFO
copying src/pymagsac.egg-info/SOURCES.txt -> build/bdist.linux-x86_64/egg/EGG-INFO
copying src/pymagsac.egg-info/dependency_links.txt -> build/bdist.linux-x86_64/egg/EGG-INFO
copying src/pymagsac.egg-info/not-zip-safe -> build/bdist.linux-x86_64/egg/EGG-INFO
copying src/pymagsac.egg-info/top_level.txt -> build/bdist.linux-x86_64/egg/EGG-INFO
writing build/bdist.linux-x86_64/egg/EGG-INFO/native_libs.txt
creating 'dist/pymagsac-0.3-py3.8-linux-x86_64.egg' and adding 'build/bdist.linux-x86_64/egg' to it
removing 'build/bdist.linux-x86_64/egg' (and everything under it)
Processing pymagsac-0.3-py3.8-linux-x86_64.egg
creating /home/danini/anaconda3/lib/python3.8/site-packages/pymagsac-0.3-py3.8-linux-x86_64.egg
Extracting pymagsac-0.3-py3.8-linux-x86_64.egg to /home/danini/anaconda3/lib/python3.8/site-packages
Adding pymagsac 0.3 to easy-install.pth file

Installed /home/danini/anaconda3/lib/python3.8/site-packages/pymagsac-0.3-py3.8-linux-x86_64.egg
Processing dependencies for pymagsac==0.3
Finished processing dependencies for pymagsac==0.3
/home/danini/anaconda3/lib/python3.8/site-packages/setuptools/command/install.py:34: SetuptoolsDeprecationWarning: setup.py install is deprecated. Use build and pip and other standards-based tools.
  warnings.warn(
/home/danini/anaconda3/lib/python3.8/site-packages/setuptools/command/easy_install.py:144: EasyInstallDeprecationWarning: easy_install command is deprecated. Use build and pip and other standards-based tools.
  warnings.warn(
/home/danini/anaconda3/lib/python3.8/site-packages/pkg_resources/__init__.py:122: PkgResourcesDeprecationWarning: gcransac is an invalid version and will not be supported in a future release
  warnings.warn(
